<?xml version="1.0" encoding="UTF-8"?>
<!-- Generated by org.testng.reporters.JUnitReportReporter -->
<testsuite hostname="hp" failures="0" tests="3" name="testcases.Test1" time="5.639" errors="0" timestamp="21 Sep 2021 08:43:58 GMT">
  <testcase classname="testcases.Test1" name="test" time="1.838"/>
  <testcase classname="testcases.Test1" name="test" time="1.847"/>
  <testcase classname="testcases.Test1" name="test" time="1.954"/>
</testsuite> <!-- testcases.Test1 -->
