<?xml version="1.0" encoding="UTF-8"?>
<!-- Generated by org.testng.reporters.JUnitReportReporter -->
<testsuite hostname="hp" failures="0" tests="3" name="testcases.LoginTestProvider" time="9.406" errors="0" timestamp="21 Sep 2021 05:50:54 GMT">
  <testcase classname="testcases.LoginTestProvider" name="test" time="2.510"/>
  <testcase classname="testcases.LoginTestProvider" name="test" time="4.264"/>
  <testcase classname="testcases.LoginTestProvider" name="test" time="2.632"/>
</testsuite> <!-- testcases.LoginTestProvider -->
