<?xml version="1.0" encoding="UTF-8"?>
<!-- Generated by org.testng.reporters.JUnitReportReporter -->
<testsuite skipped="0" hostname="hp" name="testcases.Test1" tests="3" failures="0" timestamp="02 Oct 2021 04:15:20 GMT" time="8.436" errors="0">
  <testcase name="test" time="1.805" classname="testcases.Test1"/>
  <testcase name="test" time="1.927" classname="testcases.Test1"/>
  <testcase name="test" time="4.704" classname="testcases.Test1"/>
</testsuite> <!-- testcases.Test1 -->
